<?xml version="1.0" encoding="UTF-8"?>
<!-- Generated by org.testng.reporters.JUnitReportReporter -->
<testsuite hostname="SL-DEranthika" failures="0" tests="1" name="ProductTests" time="1.539" errors="0" timestamp="2022-07-24T18:03:59 IST" skipped="0">
  <testcase classname="ProductTests" name="testAddToCartProduct" time="1.539"/>
  <system-out/>
</testsuite> <!-- ProductTests -->
