<?xml version="1.0" encoding="UTF-8"?>
<!-- Generated by org.testng.reporters.JUnitReportReporter -->
<testsuite name="ProductTests" tests="1" time="1.707" ignored="2" failures="0" timestamp="06 Sep 2022 13:20:51 GMT" skipped="0" hostname="SL-DEranthika" errors="0">
  <testcase name="testAddTShirt" time="1.707" classname="ProductTests"/>
  <testcase name="testAddToCartProduct" classname="ProductTests">
    <skipped/>
  </testcase> <!-- testAddToCartProduct -->
  <testcase name="testNavigateToProduct" classname="ProductTests">
    <skipped/>
  </testcase> <!-- testNavigateToProduct -->
</testsuite> <!-- ProductTests -->
